#
# There is insufficient memory for the Java Runtime Environment to continue.
# Native memory allocation (mmap) failed to map 2147483648 bytes for committing reserved memory.
# Possible reasons:
#   The system is out of physical RAM or swap space
#   In 32 bit mode, the process size limit was hit
# Possible solutions:
#   Reduce memory load on the system
#   Increase physical memory or swap space
#   Check if swap backing store is full
#   Use 64 bit Java on a 64 bit OS
#   Decrease Java heap size (-Xmx/-Xms)
#   Decrease number of Java threads
#   Decrease Java thread stack sizes (-Xss)
#   Set larger code cache with -XX:ReservedCodeCacheSize=
# This output file may be truncated or incomplete.
#
#  Out of Memory Error (os_linux.cpp:2643), pid=2918, tid=0x00007fa17cc8b700
#
# JRE version:  (8.0_171-b11) (build )
# Java VM: OpenJDK 64-Bit Server VM (25.171-b11 mixed mode linux-amd64 compressed oops)
# Failed to write core dump. Core dumps have been disabled. To enable core dumping, try "ulimit -c unlimited" before starting Java again
#

---------------  T H R E A D  ---------------

Current thread (0x00007fa17400b800):  JavaThread "Unknown thread" [_thread_in_vm, id=2920, stack(0x00007fa17cb8b000,0x00007fa17cc8c000)]

Stack: [0x00007fa17cb8b000,0x00007fa17cc8c000],  sp=0x00007fa17cc8a490,  free space=1021k
Native frames: (J=compiled Java code, j=interpreted, Vv=VM code, C=native code)
V  [libjvm.so+0xaab4b2]
V  [libjvm.so+0x4d7a57]
V  [libjvm.so+0x8e6740]
V  [libjvm.so+0x8e0c9e]
V  [libjvm.so+0xaa78bc]
V  [libjvm.so+0x5dfac6]
V  [libjvm.so+0xa43d3a]
V  [libjvm.so+0x5e0ecd]
V  [libjvm.so+0x5cb2df]
V  [libjvm.so+0xa6daaa]
V  [libjvm.so+0xa6dd95]
V  [libjvm.so+0x623d5f]
V  [libjvm.so+0xa514eb]
V  [libjvm.so+0x6a6db1]  JNI_CreateJavaVM+0x61
C  [libjli.so+0x2ce3]
C  [libjli.so+0x777d]
C  [libpthread.so.0+0x77fc]  start_thread+0xdc


---------------  P R O C E S S  ---------------

Java Threads: ( => current thread )

Other Threads:

=>0x00007fa17400b800 (exited) JavaThread "Unknown thread" [_thread_in_vm, id=2920, stack(0x00007fa17cb8b000,0x00007fa17cc8c000)]

VM state:not at safepoint (not fully initialized)

VM Mutex/Monitor currently owned by a thread: None

GC Heap History (0 events):
No events

Deoptimization events (0 events):
No events

Classes redefined (0 events):
No events

Internal exceptions (0 events):
No events

Events (0 events):
No events


Dynamic libraries:
700000000-740000000 rw-p 00000000 00:00 0 
55e065cd8000-55e065cd9000 r-xp 00000000 08:01 425767                     /usr/lib/jvm/java-8-openjdk-amd64/jre/bin/java
55e065ed8000-55e065ed9000 r--p 00000000 08:01 425767                     /usr/lib/jvm/java-8-openjdk-amd64/jre/bin/java
55e065ed9000-55e065eda000 rw-p 00001000 08:01 425767                     /usr/lib/jvm/java-8-openjdk-amd64/jre/bin/java
55e067873000-55e067894000 rw-p 00000000 00:00 0                          [heap]
7fa165000000-7fa165270000 rwxp 00000000 00:00 0 
7fa165270000-7fa174000000 ---p 00000000 00:00 0 
7fa174000000-7fa174034000 rw-p 00000000 00:00 0 
7fa174034000-7fa178000000 ---p 00000000 00:00 0 
7fa178b89000-7fa178d89000 rw-p 00000000 00:00 0 
7fa178d89000-7fa179189000 ---p 00000000 00:00 0 
7fa179189000-7fa179194000 rw-p 00000000 00:00 0 
7fa179194000-7fa17954a000 ---p 00000000 00:00 0 
7fa17954a000-7fa179552000 r-xp 00000000 08:01 425813                     /usr/lib/jvm/java-8-openjdk-amd64/jre/lib/amd64/libzip.so
7fa179552000-7fa179751000 ---p 00008000 08:01 425813                     /usr/lib/jvm/java-8-openjdk-amd64/jre/lib/amd64/libzip.so
7fa179751000-7fa179752000 r--p 00007000 08:01 425813                     /usr/lib/jvm/java-8-openjdk-amd64/jre/lib/amd64/libzip.so
7fa179752000-7fa179753000 rw-p 00008000 08:01 425813                     /usr/lib/jvm/java-8-openjdk-amd64/jre/lib/amd64/libzip.so
7fa179753000-7fa17975e000 r-xp 00000000 08:01 282088                     /lib/x86_64-linux-gnu/libnss_files-2.26.so
7fa17975e000-7fa17995d000 ---p 0000b000 08:01 282088                     /lib/x86_64-linux-gnu/libnss_files-2.26.so
7fa17995d000-7fa17995e000 r--p 0000a000 08:01 282088                     /lib/x86_64-linux-gnu/libnss_files-2.26.so
7fa17995e000-7fa17995f000 rw-p 0000b000 08:01 282088                     /lib/x86_64-linux-gnu/libnss_files-2.26.so
7fa17995f000-7fa179965000 rw-p 00000000 00:00 0 
7fa179965000-7fa179970000 r-xp 00000000 08:01 282090                     /lib/x86_64-linux-gnu/libnss_nis-2.26.so
7fa179970000-7fa179b6f000 ---p 0000b000 08:01 282090                     /lib/x86_64-linux-gnu/libnss_nis-2.26.so
7fa179b6f000-7fa179b70000 r--p 0000a000 08:01 282090                     /lib/x86_64-linux-gnu/libnss_nis-2.26.so
7fa179b70000-7fa179b71000 rw-p 0000b000 08:01 282090                     /lib/x86_64-linux-gnu/libnss_nis-2.26.so
7fa179b71000-7fa179b88000 r-xp 00000000 08:01 282085                     /lib/x86_64-linux-gnu/libnsl-2.26.so
7fa179b88000-7fa179d87000 ---p 00017000 08:01 282085                     /lib/x86_64-linux-gnu/libnsl-2.26.so
7fa179d87000-7fa179d88000 r--p 00016000 08:01 282085                     /lib/x86_64-linux-gnu/libnsl-2.26.so
7fa179d88000-7fa179d89000 rw-p 00017000 08:01 282085                     /lib/x86_64-linux-gnu/libnsl-2.26.so
7fa179d89000-7fa179d8b000 rw-p 00000000 00:00 0 
7fa179d8b000-7fa179d93000 r-xp 00000000 08:01 282086                     /lib/x86_64-linux-gnu/libnss_compat-2.26.so
7fa179d93000-7fa179f92000 ---p 00008000 08:01 282086                     /lib/x86_64-linux-gnu/libnss_compat-2.26.so
7fa179f92000-7fa179f93000 r--p 00007000 08:01 282086                     /lib/x86_64-linux-gnu/libnss_compat-2.26.so
7fa179f93000-7fa179f94000 rw-p 00008000 08:01 282086                     /lib/x86_64-linux-gnu/libnss_compat-2.26.so
7fa179f94000-7fa179fc2000 r-xp 00000000 08:01 425794                     /usr/lib/jvm/java-8-openjdk-amd64/jre/lib/amd64/libjava.so
7fa179fc2000-7fa17a1c1000 ---p 0002e000 08:01 425794                     /usr/lib/jvm/java-8-openjdk-amd64/jre/lib/amd64/libjava.so
7fa17a1c1000-7fa17a1c2000 r--p 0002d000 08:01 425794                     /usr/lib/jvm/java-8-openjdk-amd64/jre/lib/amd64/libjava.so
7fa17a1c2000-7fa17a1c4000 rw-p 0002e000 08:01 425794                     /usr/lib/jvm/java-8-openjdk-amd64/jre/lib/amd64/libjava.so
7fa17a1c4000-7fa17a1d4000 r-xp 00000000 08:01 425812                     /usr/lib/jvm/java-8-openjdk-amd64/jre/lib/amd64/libverify.so
7fa17a1d4000-7fa17a3d3000 ---p 00010000 08:01 425812                     /usr/lib/jvm/java-8-openjdk-amd64/jre/lib/amd64/libverify.so
7fa17a3d3000-7fa17a3d5000 r--p 0000f000 08:01 425812                     /usr/lib/jvm/java-8-openjdk-amd64/jre/lib/amd64/libverify.so
7fa17a3d5000-7fa17a3d6000 rw-p 00011000 08:01 425812                     /usr/lib/jvm/java-8-openjdk-amd64/jre/lib/amd64/libverify.so
7fa17a3d6000-7fa17a3dd000 r-xp 00000000 08:01 282105                     /lib/x86_64-linux-gnu/librt-2.26.so
7fa17a3dd000-7fa17a5dc000 ---p 00007000 08:01 282105                     /lib/x86_64-linux-gnu/librt-2.26.so
7fa17a5dc000-7fa17a5dd000 r--p 00006000 08:01 282105                     /lib/x86_64-linux-gnu/librt-2.26.so
7fa17a5dd000-7fa17a5de000 rw-p 00007000 08:01 282105                     /lib/x86_64-linux-gnu/librt-2.26.so
7fa17a5de000-7fa17a5f4000 r-xp 00000000 08:01 282072                     /lib/x86_64-linux-gnu/libgcc_s.so.1
7fa17a5f4000-7fa17a7f3000 ---p 00016000 08:01 282072                     /lib/x86_64-linux-gnu/libgcc_s.so.1
7fa17a7f3000-7fa17a7f4000 r--p 00015000 08:01 282072                     /lib/x86_64-linux-gnu/libgcc_s.so.1
7fa17a7f4000-7fa17a7f5000 rw-p 00016000 08:01 282072                     /lib/x86_64-linux-gnu/libgcc_s.so.1
7fa17a7f5000-7fa17a94a000 r-xp 00000000 08:01 282082                     /lib/x86_64-linux-gnu/libm-2.26.so
7fa17a94a000-7fa17ab49000 ---p 00155000 08:01 282082                     /lib/x86_64-linux-gnu/libm-2.26.so
7fa17ab49000-7fa17ab4a000 r--p 00154000 08:01 282082                     /lib/x86_64-linux-gnu/libm-2.26.so
7fa17ab4a000-7fa17ab4b000 rw-p 00155000 08:01 282082                     /lib/x86_64-linux-gnu/libm-2.26.so
7fa17ab4b000-7fa17acc3000 r-xp 00000000 08:01 199                        /usr/lib/x86_64-linux-gnu/libstdc++.so.6.0.24
7fa17acc3000-7fa17aec2000 ---p 00178000 08:01 199                        /usr/lib/x86_64-linux-gnu/libstdc++.so.6.0.24
7fa17aec2000-7fa17aecc000 r--p 00177000 08:01 199                        /usr/lib/x86_64-linux-gnu/libstdc++.so.6.0.24
7fa17aecc000-7fa17aece000 rw-p 00181000 08:01 199                        /usr/lib/x86_64-linux-gnu/libstdc++.so.6.0.24
7fa17aece000-7fa17aed1000 rw-p 00000000 00:00 0 
7fa17aed1000-7fa17bb62000 r-xp 00000000 08:01 425816                     /usr/lib/jvm/java-8-openjdk-amd64/jre/lib/amd64/server/libjvm.so
7fa17bb62000-7fa17bd62000 ---p 00c91000 08:01 425816                     /usr/lib/jvm/java-8-openjdk-amd64/jre/lib/amd64/server/libjvm.so
7fa17bd62000-7fa17bdf5000 r--p 00c91000 08:01 425816                     /usr/lib/jvm/java-8-openjdk-amd64/jre/lib/amd64/server/libjvm.so
7fa17bdf5000-7fa17be1d000 rw-p 00d24000 08:01 425816                     /usr/lib/jvm/java-8-openjdk-amd64/jre/lib/amd64/server/libjvm.so
7fa17be1d000-7fa17be4e000 rw-p 00000000 00:00 0 
7fa17be4e000-7fa17be68000 r-xp 00000000 08:01 282094                     /lib/x86_64-linux-gnu/libpthread-2.26.so
7fa17be68000-7fa17c067000 ---p 0001a000 08:01 282094                     /lib/x86_64-linux-gnu/libpthread-2.26.so
7fa17c067000-7fa17c068000 r--p 00019000 08:01 282094                     /lib/x86_64-linux-gnu/libpthread-2.26.so
7fa17c068000-7fa17c069000 rw-p 0001a000 08:01 282094                     /lib/x86_64-linux-gnu/libpthread-2.26.so
7fa17c069000-7fa17c06d000 rw-p 00000000 00:00 0 
7fa17c06d000-7fa17c070000 r-xp 00000000 08:01 282081                     /lib/x86_64-linux-gnu/libdl-2.26.so
7fa17c070000-7fa17c26f000 ---p 00003000 08:01 282081                     /lib/x86_64-linux-gnu/libdl-2.26.so
7fa17c26f000-7fa17c270000 r--p 00002000 08:01 282081                     /lib/x86_64-linux-gnu/libdl-2.26.so
7fa17c270000-7fa17c271000 rw-p 00003000 08:01 282081                     /lib/x86_64-linux-gnu/libdl-2.26.so
7fa17c271000-7fa17c28d000 r-xp 00000000 08:01 268860                     /lib/x86_64-linux-gnu/libz.so.1.2.11
7fa17c28d000-7fa17c48c000 ---p 0001c000 08:01 268860                     /lib/x86_64-linux-gnu/libz.so.1.2.11
7fa17c48c000-7fa17c48d000 r--p 0001b000 08:01 268860                     /lib/x86_64-linux-gnu/libz.so.1.2.11
7fa17c48d000-7fa17c48e000 rw-p 0001c000 08:01 268860                     /lib/x86_64-linux-gnu/libz.so.1.2.11
7fa17c48e000-7fa17c664000 r-xp 00000000 08:01 282078                     /lib/x86_64-linux-gnu/libc-2.26.so
7fa17c664000-7fa17c864000 ---p 001d6000 08:01 282078                     /lib/x86_64-linux-gnu/libc-2.26.so
7fa17c864000-7fa17c868000 r--p 001d6000 08:01 282078                     /lib/x86_64-linux-gnu/libc-2.26.so
7fa17c868000-7fa17c86a000 rw-p 001da000 08:01 282078                     /lib/x86_64-linux-gnu/libc-2.26.so
7fa17c86a000-7fa17c86e000 rw-p 00000000 00:00 0 
7fa17c86e000-7fa17c87c000 r-xp 00000000 08:01 425780                     /usr/lib/jvm/java-8-openjdk-amd64/jre/lib/amd64/jli/libjli.so
7fa17c87c000-7fa17ca7b000 ---p 0000e000 08:01 425780                     /usr/lib/jvm/java-8-openjdk-amd64/jre/lib/amd64/jli/libjli.so
7fa17ca7b000-7fa17ca7c000 r--p 0000d000 08:01 425780                     /usr/lib/jvm/java-8-openjdk-amd64/jre/lib/amd64/jli/libjli.so
7fa17ca7c000-7fa17ca7d000 rw-p 0000e000 08:01 425780                     /usr/lib/jvm/java-8-openjdk-amd64/jre/lib/amd64/jli/libjli.so
7fa17ca7d000-7fa17caa4000 r-xp 00000000 08:01 282073                     /lib/x86_64-linux-gnu/ld-2.26.so
7fa17cb8b000-7fa17cb8e000 ---p 00000000 00:00 0 
7fa17cb8e000-7fa17cc8e000 rw-p 00000000 00:00 0 
7fa17cc98000-7fa17cca0000 rw-s 00000000 08:01 6555                       /tmp/hsperfdata_puppet/2918
7fa17cca0000-7fa17cca1000 rw-p 00000000 00:00 0 
7fa17cca1000-7fa17cca2000 r--p 00000000 00:00 0 
7fa17cca2000-7fa17cca4000 rw-p 00000000 00:00 0 
7fa17cca4000-7fa17cca5000 r--p 00027000 08:01 282073                     /lib/x86_64-linux-gnu/ld-2.26.so
7fa17cca5000-7fa17cca6000 rw-p 00028000 08:01 282073                     /lib/x86_64-linux-gnu/ld-2.26.so
7fa17cca6000-7fa17cca7000 rw-p 00000000 00:00 0 
7ffdc9686000-7ffdc96a7000 rw-p 00000000 00:00 0                          [stack]
7ffdc97ea000-7ffdc97ed000 r--p 00000000 00:00 0                          [vvar]
7ffdc97ed000-7ffdc97ef000 r-xp 00000000 00:00 0                          [vdso]
ffffffffff600000-ffffffffff601000 r-xp 00000000 00:00 0                  [vsyscall]

VM Arguments:
jvm_args: -Xms3g -Xmx3g -XX:MaxPermSize=256m -Djava.security.egd=/dev/urandom -XX:OnOutOfMemoryError=kill -9 %p 
java_command: clojure.main -m puppetlabs.trapperkeeper.main --config /etc/puppetlabs/puppetserver/conf.d --bootstrap-config /etc/puppetlabs/puppetserver/services.d/,/opt/puppetlabs/server/apps/puppetserver/config/services.d/ --restart-file /opt/puppetlabs/server/data/puppetserver/restartcounter
java_class_path (initial): /opt/puppetlabs/server/apps/puppetserver/puppet-server-release.jar
Launcher Type: SUN_STANDARD

Environment Variables:
PATH=/usr/local/sbin:/usr/local/bin:/usr/sbin:/usr/bin:/sbin:/bin

Signal Handlers:
SIGSEGV: [libjvm.so+0xaabe00], sa_mask[0]=11111111011111111101111111111110, sa_flags=SA_RESTART|SA_SIGINFO
SIGBUS: [libjvm.so+0xaabe00], sa_mask[0]=11111111011111111101111111111110, sa_flags=SA_RESTART|SA_SIGINFO
SIGFPE: [libjvm.so+0x8e1dd0], sa_mask[0]=11111111011111111101111111111110, sa_flags=SA_RESTART|SA_SIGINFO
SIGPIPE: [libjvm.so+0x8e1dd0], sa_mask[0]=11111111011111111101111111111110, sa_flags=SA_RESTART|SA_SIGINFO
SIGXFSZ: [libjvm.so+0x8e1dd0], sa_mask[0]=11111111011111111101111111111110, sa_flags=SA_RESTART|SA_SIGINFO
SIGILL: [libjvm.so+0x8e1dd0], sa_mask[0]=11111111011111111101111111111110, sa_flags=SA_RESTART|SA_SIGINFO
SIGUSR1: SIG_DFL, sa_mask[0]=00000000000000000000000000000000, sa_flags=none
SIGUSR2: [libjvm.so+0x8e1c80], sa_mask[0]=00000000000000000000000000000000, sa_flags=SA_RESTART|SA_SIGINFO
SIGHUP: SIG_DFL, sa_mask[0]=00000000000000000000000000000000, sa_flags=none
SIGINT: SIG_IGN, sa_mask[0]=00000000000000000000000000000000, sa_flags=none
SIGTERM: SIG_DFL, sa_mask[0]=00000000000000000000000000000000, sa_flags=none
SIGQUIT: SIG_IGN, sa_mask[0]=00000000000000000000000000000000, sa_flags=none


---------------  S Y S T E M  ---------------

OS:DISTRIB_ID=Ubuntu
DISTRIB_RELEASE=17.10
DISTRIB_CODENAME=artful
DISTRIB_DESCRIPTION="Ubuntu 17.10"

uname:Linux 4.13.0-43-generic #48-Ubuntu SMP Wed May 16 12:18:48 UTC 2018 x86_64
libc:glibc 2.26 NPTL 2.26 
rlimit: STACK 8192k, CORE 0k, NPROC 10333, NOFILE 4096, AS infinity
load average:4.49 2.36 0.93

/proc/meminfo:
MemTotal:        2700004 kB
MemFree:         1157496 kB
MemAvailable:    1280704 kB
Buffers:           17824 kB
Cached:           256612 kB
SwapCached:        54612 kB
Active:           936360 kB
Inactive:         426716 kB
Active(anon):     773232 kB
Inactive(anon):   348180 kB
Active(file):     163128 kB
Inactive(file):    78536 kB
Unevictable:          32 kB
Mlocked:              32 kB
SwapTotal:        483800 kB
SwapFree:         199640 kB
Dirty:               636 kB
Writeback:             0 kB
AnonPages:       1044068 kB
Mapped:           157060 kB
Shmem:             32700 kB
Slab:              75796 kB
SReclaimable:      31392 kB
SUnreclaim:        44404 kB
KernelStack:       10112 kB
PageTables:        48424 kB
NFS_Unstable:          0 kB
Bounce:                0 kB
WritebackTmp:          0 kB
CommitLimit:     1833800 kB
Committed_AS:    7081792 kB
VmallocTotal:   34359738367 kB
VmallocUsed:           0 kB
VmallocChunk:          0 kB
HardwareCorrupted:     0 kB
AnonHugePages:      2048 kB
ShmemHugePages:        0 kB
ShmemPmdMapped:        0 kB
CmaTotal:              0 kB
CmaFree:               0 kB
HugePages_Total:       0
HugePages_Free:        0
HugePages_Rsvd:        0
HugePages_Surp:        0
Hugepagesize:       2048 kB
DirectMap4k:      101312 kB
DirectMap2M:     2666496 kB


CPU:total 1 (initial active 1) (1 cores per cpu, 1 threads per core) family 6 model 158 stepping 9, cmov, cx8, fxsr, mmx, sse, sse2, sse3, ssse3, sse4.1, sse4.2, popcnt, avx, avx2, aes, clmul, 3dnowpref, lzcnt, tsc, tscinvbit

/proc/cpuinfo:
processor	: 0
vendor_id	: GenuineIntel
cpu family	: 6
model		: 158
model name	: Intel(R) Core(TM) i7-7820HQ CPU @ 2.90GHz
stepping	: 9
cpu MHz		: 2903.998
cache size	: 8192 KB
physical id	: 0
siblings	: 1
core id		: 0
cpu cores	: 1
apicid		: 0
initial apicid	: 0
fpu		: yes
fpu_exception	: yes
cpuid level	: 22
wp		: yes
flags		: fpu vme de pse tsc msr pae mce cx8 apic sep mtrr pge mca cmov pat pse36 clflush mmx fxsr sse sse2 ht syscall nx rdtscp lm constant_tsc rep_good nopl xtopology nonstop_tsc cpuid pni pclmulqdq monitor ssse3 cx16 pcid sse4_1 sse4_2 x2apic movbe popcnt aes xsave avx rdrand hypervisor lahf_lm abm 3dnowprefetch invpcid_single pti retpoline rsb_ctxsw fsgsbase avx2 invpcid rdseed clflushopt
bugs		: cpu_meltdown spectre_v1 spectre_v2 spec_store_bypass
bogomips	: 5807.99
clflush size	: 64
cache_alignment	: 64
address sizes	: 39 bits physical, 48 bits virtual
power management:



Memory: 4k page, physical 2700004k(1157496k free), swap 483800k(199640k free)

vm_info: OpenJDK 64-Bit Server VM (25.171-b11) for linux-amd64 JRE (1.8.0_171-8u171-b11-0ubuntu0.17.10.1-b11), built on Apr 26 2018 15:59:34 by "buildd" with gcc 7.2.0

time: Tue Jan 12 16:21:37 2021
elapsed time: 0 seconds (0d 0h 0m 0s)

