#
# There is insufficient memory for the Java Runtime Environment to continue.
# Native memory allocation (mmap) failed to map 2147483648 bytes for committing reserved memory.
# Possible reasons:
#   The system is out of physical RAM or swap space
#   In 32 bit mode, the process size limit was hit
# Possible solutions:
#   Reduce memory load on the system
#   Increase physical memory or swap space
#   Check if swap backing store is full
#   Use 64 bit Java on a 64 bit OS
#   Decrease Java heap size (-Xmx/-Xms)
#   Decrease number of Java threads
#   Decrease Java thread stack sizes (-Xss)
#   Set larger code cache with -XX:ReservedCodeCacheSize=
# This output file may be truncated or incomplete.
#
#  Out of Memory Error (os_linux.cpp:2643), pid=2721, tid=0x00007fee6ee86700
#
# JRE version:  (8.0_171-b11) (build )
# Java VM: OpenJDK 64-Bit Server VM (25.171-b11 mixed mode linux-amd64 compressed oops)
# Failed to write core dump. Core dumps have been disabled. To enable core dumping, try "ulimit -c unlimited" before starting Java again
#

---------------  T H R E A D  ---------------

Current thread (0x00007fee6800b800):  JavaThread "Unknown thread" [_thread_in_vm, id=2730, stack(0x00007fee6ed86000,0x00007fee6ee87000)]

Stack: [0x00007fee6ed86000,0x00007fee6ee87000],  sp=0x00007fee6ee85490,  free space=1021k
Native frames: (J=compiled Java code, j=interpreted, Vv=VM code, C=native code)
V  [libjvm.so+0xaab4b2]
V  [libjvm.so+0x4d7a57]
V  [libjvm.so+0x8e6740]
V  [libjvm.so+0x8e0c9e]
V  [libjvm.so+0xaa78bc]
V  [libjvm.so+0x5dfac6]
V  [libjvm.so+0xa43d3a]
V  [libjvm.so+0x5e0ecd]
V  [libjvm.so+0x5cb2df]
V  [libjvm.so+0xa6daaa]
V  [libjvm.so+0xa6dd95]
V  [libjvm.so+0x623d5f]
V  [libjvm.so+0xa514eb]
V  [libjvm.so+0x6a6db1]  JNI_CreateJavaVM+0x61
C  [libjli.so+0x2ce3]
C  [libjli.so+0x777d]
C  [libpthread.so.0+0x77fc]  start_thread+0xdc


---------------  P R O C E S S  ---------------

Java Threads: ( => current thread )

Other Threads:

=>0x00007fee6800b800 (exited) JavaThread "Unknown thread" [_thread_in_vm, id=2730, stack(0x00007fee6ed86000,0x00007fee6ee87000)]

VM state:not at safepoint (not fully initialized)

VM Mutex/Monitor currently owned by a thread: None

GC Heap History (0 events):
No events

Deoptimization events (0 events):
No events

Classes redefined (0 events):
No events

Internal exceptions (0 events):
No events

Events (0 events):
No events


Dynamic libraries:
700000000-740000000 rw-p 00000000 00:00 0 
5582e5069000-5582e506a000 r-xp 00000000 08:01 425767                     /usr/lib/jvm/java-8-openjdk-amd64/jre/bin/java
5582e5269000-5582e526a000 r--p 00000000 08:01 425767                     /usr/lib/jvm/java-8-openjdk-amd64/jre/bin/java
5582e526a000-5582e526b000 rw-p 00001000 08:01 425767                     /usr/lib/jvm/java-8-openjdk-amd64/jre/bin/java
5582e54f4000-5582e5515000 rw-p 00000000 00:00 0                          [heap]
7fee57bf5000-7fee57df5000 rw-p 00000000 00:00 0 
7fee57df5000-7fee581f5000 ---p 00000000 00:00 0 
7fee581f5000-7fee58200000 rw-p 00000000 00:00 0 
7fee58200000-7fee585b6000 ---p 00000000 00:00 0 
7fee585b6000-7fee58826000 rwxp 00000000 00:00 0 
7fee58826000-7fee675b6000 ---p 00000000 00:00 0 
7fee675b6000-7fee675be000 r-xp 00000000 08:01 425813                     /usr/lib/jvm/java-8-openjdk-amd64/jre/lib/amd64/libzip.so
7fee675be000-7fee677bd000 ---p 00008000 08:01 425813                     /usr/lib/jvm/java-8-openjdk-amd64/jre/lib/amd64/libzip.so
7fee677bd000-7fee677be000 r--p 00007000 08:01 425813                     /usr/lib/jvm/java-8-openjdk-amd64/jre/lib/amd64/libzip.so
7fee677be000-7fee677bf000 rw-p 00008000 08:01 425813                     /usr/lib/jvm/java-8-openjdk-amd64/jre/lib/amd64/libzip.so
7fee677bf000-7fee677ca000 r-xp 00000000 08:01 282088                     /lib/x86_64-linux-gnu/libnss_files-2.26.so
7fee677ca000-7fee679c9000 ---p 0000b000 08:01 282088                     /lib/x86_64-linux-gnu/libnss_files-2.26.so
7fee679c9000-7fee679ca000 r--p 0000a000 08:01 282088                     /lib/x86_64-linux-gnu/libnss_files-2.26.so
7fee679ca000-7fee679cb000 rw-p 0000b000 08:01 282088                     /lib/x86_64-linux-gnu/libnss_files-2.26.so
7fee679cb000-7fee679d1000 rw-p 00000000 00:00 0 
7fee679d1000-7fee679dc000 r-xp 00000000 08:01 282090                     /lib/x86_64-linux-gnu/libnss_nis-2.26.so
7fee679dc000-7fee67bdb000 ---p 0000b000 08:01 282090                     /lib/x86_64-linux-gnu/libnss_nis-2.26.so
7fee67bdb000-7fee67bdc000 r--p 0000a000 08:01 282090                     /lib/x86_64-linux-gnu/libnss_nis-2.26.so
7fee67bdc000-7fee67bdd000 rw-p 0000b000 08:01 282090                     /lib/x86_64-linux-gnu/libnss_nis-2.26.so
7fee67bdd000-7fee67bf4000 r-xp 00000000 08:01 282085                     /lib/x86_64-linux-gnu/libnsl-2.26.so
7fee67bf4000-7fee67df3000 ---p 00017000 08:01 282085                     /lib/x86_64-linux-gnu/libnsl-2.26.so
7fee67df3000-7fee67df4000 r--p 00016000 08:01 282085                     /lib/x86_64-linux-gnu/libnsl-2.26.so
7fee67df4000-7fee67df5000 rw-p 00017000 08:01 282085                     /lib/x86_64-linux-gnu/libnsl-2.26.so
7fee67df5000-7fee67df7000 rw-p 00000000 00:00 0 
7fee67df7000-7fee67dff000 r-xp 00000000 08:01 282086                     /lib/x86_64-linux-gnu/libnss_compat-2.26.so
7fee67dff000-7fee67ffe000 ---p 00008000 08:01 282086                     /lib/x86_64-linux-gnu/libnss_compat-2.26.so
7fee67ffe000-7fee67fff000 r--p 00007000 08:01 282086                     /lib/x86_64-linux-gnu/libnss_compat-2.26.so
7fee67fff000-7fee68000000 rw-p 00008000 08:01 282086                     /lib/x86_64-linux-gnu/libnss_compat-2.26.so
7fee68000000-7fee68034000 rw-p 00000000 00:00 0 
7fee68034000-7fee6c000000 ---p 00000000 00:00 0 
7fee6c18f000-7fee6c1bd000 r-xp 00000000 08:01 425794                     /usr/lib/jvm/java-8-openjdk-amd64/jre/lib/amd64/libjava.so
7fee6c1bd000-7fee6c3bc000 ---p 0002e000 08:01 425794                     /usr/lib/jvm/java-8-openjdk-amd64/jre/lib/amd64/libjava.so
7fee6c3bc000-7fee6c3bd000 r--p 0002d000 08:01 425794                     /usr/lib/jvm/java-8-openjdk-amd64/jre/lib/amd64/libjava.so
7fee6c3bd000-7fee6c3bf000 rw-p 0002e000 08:01 425794                     /usr/lib/jvm/java-8-openjdk-amd64/jre/lib/amd64/libjava.so
7fee6c3bf000-7fee6c3cf000 r-xp 00000000 08:01 425812                     /usr/lib/jvm/java-8-openjdk-amd64/jre/lib/amd64/libverify.so
7fee6c3cf000-7fee6c5ce000 ---p 00010000 08:01 425812                     /usr/lib/jvm/java-8-openjdk-amd64/jre/lib/amd64/libverify.so
7fee6c5ce000-7fee6c5d0000 r--p 0000f000 08:01 425812                     /usr/lib/jvm/java-8-openjdk-amd64/jre/lib/amd64/libverify.so
7fee6c5d0000-7fee6c5d1000 rw-p 00011000 08:01 425812                     /usr/lib/jvm/java-8-openjdk-amd64/jre/lib/amd64/libverify.so
7fee6c5d1000-7fee6c5d8000 r-xp 00000000 08:01 282105                     /lib/x86_64-linux-gnu/librt-2.26.so
7fee6c5d8000-7fee6c7d7000 ---p 00007000 08:01 282105                     /lib/x86_64-linux-gnu/librt-2.26.so
7fee6c7d7000-7fee6c7d8000 r--p 00006000 08:01 282105                     /lib/x86_64-linux-gnu/librt-2.26.so
7fee6c7d8000-7fee6c7d9000 rw-p 00007000 08:01 282105                     /lib/x86_64-linux-gnu/librt-2.26.so
7fee6c7d9000-7fee6c7ef000 r-xp 00000000 08:01 282072                     /lib/x86_64-linux-gnu/libgcc_s.so.1
7fee6c7ef000-7fee6c9ee000 ---p 00016000 08:01 282072                     /lib/x86_64-linux-gnu/libgcc_s.so.1
7fee6c9ee000-7fee6c9ef000 r--p 00015000 08:01 282072                     /lib/x86_64-linux-gnu/libgcc_s.so.1
7fee6c9ef000-7fee6c9f0000 rw-p 00016000 08:01 282072                     /lib/x86_64-linux-gnu/libgcc_s.so.1
7fee6c9f0000-7fee6cb45000 r-xp 00000000 08:01 282082                     /lib/x86_64-linux-gnu/libm-2.26.so
7fee6cb45000-7fee6cd44000 ---p 00155000 08:01 282082                     /lib/x86_64-linux-gnu/libm-2.26.so
7fee6cd44000-7fee6cd45000 r--p 00154000 08:01 282082                     /lib/x86_64-linux-gnu/libm-2.26.so
7fee6cd45000-7fee6cd46000 rw-p 00155000 08:01 282082                     /lib/x86_64-linux-gnu/libm-2.26.so
7fee6cd46000-7fee6cebe000 r-xp 00000000 08:01 199                        /usr/lib/x86_64-linux-gnu/libstdc++.so.6.0.24
7fee6cebe000-7fee6d0bd000 ---p 00178000 08:01 199                        /usr/lib/x86_64-linux-gnu/libstdc++.so.6.0.24
7fee6d0bd000-7fee6d0c7000 r--p 00177000 08:01 199                        /usr/lib/x86_64-linux-gnu/libstdc++.so.6.0.24
7fee6d0c7000-7fee6d0c9000 rw-p 00181000 08:01 199                        /usr/lib/x86_64-linux-gnu/libstdc++.so.6.0.24
7fee6d0c9000-7fee6d0cc000 rw-p 00000000 00:00 0 
7fee6d0cc000-7fee6dd5d000 r-xp 00000000 08:01 425816                     /usr/lib/jvm/java-8-openjdk-amd64/jre/lib/amd64/server/libjvm.so
7fee6dd5d000-7fee6df5d000 ---p 00c91000 08:01 425816                     /usr/lib/jvm/java-8-openjdk-amd64/jre/lib/amd64/server/libjvm.so
7fee6df5d000-7fee6dff0000 r--p 00c91000 08:01 425816                     /usr/lib/jvm/java-8-openjdk-amd64/jre/lib/amd64/server/libjvm.so
7fee6dff0000-7fee6e018000 rw-p 00d24000 08:01 425816                     /usr/lib/jvm/java-8-openjdk-amd64/jre/lib/amd64/server/libjvm.so
7fee6e018000-7fee6e049000 rw-p 00000000 00:00 0 
7fee6e049000-7fee6e063000 r-xp 00000000 08:01 282094                     /lib/x86_64-linux-gnu/libpthread-2.26.so
7fee6e063000-7fee6e262000 ---p 0001a000 08:01 282094                     /lib/x86_64-linux-gnu/libpthread-2.26.so
7fee6e262000-7fee6e263000 r--p 00019000 08:01 282094                     /lib/x86_64-linux-gnu/libpthread-2.26.so
7fee6e263000-7fee6e264000 rw-p 0001a000 08:01 282094                     /lib/x86_64-linux-gnu/libpthread-2.26.so
7fee6e264000-7fee6e268000 rw-p 00000000 00:00 0 
7fee6e268000-7fee6e26b000 r-xp 00000000 08:01 282081                     /lib/x86_64-linux-gnu/libdl-2.26.so
7fee6e26b000-7fee6e46a000 ---p 00003000 08:01 282081                     /lib/x86_64-linux-gnu/libdl-2.26.so
7fee6e46a000-7fee6e46b000 r--p 00002000 08:01 282081                     /lib/x86_64-linux-gnu/libdl-2.26.so
7fee6e46b000-7fee6e46c000 rw-p 00003000 08:01 282081                     /lib/x86_64-linux-gnu/libdl-2.26.so
7fee6e46c000-7fee6e488000 r-xp 00000000 08:01 268860                     /lib/x86_64-linux-gnu/libz.so.1.2.11
7fee6e488000-7fee6e687000 ---p 0001c000 08:01 268860                     /lib/x86_64-linux-gnu/libz.so.1.2.11
7fee6e687000-7fee6e688000 r--p 0001b000 08:01 268860                     /lib/x86_64-linux-gnu/libz.so.1.2.11
7fee6e688000-7fee6e689000 rw-p 0001c000 08:01 268860                     /lib/x86_64-linux-gnu/libz.so.1.2.11
7fee6e689000-7fee6e85f000 r-xp 00000000 08:01 282078                     /lib/x86_64-linux-gnu/libc-2.26.so
7fee6e85f000-7fee6ea5f000 ---p 001d6000 08:01 282078                     /lib/x86_64-linux-gnu/libc-2.26.so
7fee6ea5f000-7fee6ea63000 r--p 001d6000 08:01 282078                     /lib/x86_64-linux-gnu/libc-2.26.so
7fee6ea63000-7fee6ea65000 rw-p 001da000 08:01 282078                     /lib/x86_64-linux-gnu/libc-2.26.so
7fee6ea65000-7fee6ea69000 rw-p 00000000 00:00 0 
7fee6ea69000-7fee6ea77000 r-xp 00000000 08:01 425780                     /usr/lib/jvm/java-8-openjdk-amd64/jre/lib/amd64/jli/libjli.so
7fee6ea77000-7fee6ec76000 ---p 0000e000 08:01 425780                     /usr/lib/jvm/java-8-openjdk-amd64/jre/lib/amd64/jli/libjli.so
7fee6ec76000-7fee6ec77000 r--p 0000d000 08:01 425780                     /usr/lib/jvm/java-8-openjdk-amd64/jre/lib/amd64/jli/libjli.so
7fee6ec77000-7fee6ec78000 rw-p 0000e000 08:01 425780                     /usr/lib/jvm/java-8-openjdk-amd64/jre/lib/amd64/jli/libjli.so
7fee6ec78000-7fee6ec9f000 r-xp 00000000 08:01 282073                     /lib/x86_64-linux-gnu/ld-2.26.so
7fee6ed86000-7fee6ed89000 ---p 00000000 00:00 0 
7fee6ed89000-7fee6ee89000 rw-p 00000000 00:00 0 
7fee6ee93000-7fee6ee9b000 rw-s 00000000 08:01 5602                       /tmp/hsperfdata_puppet/2721
7fee6ee9b000-7fee6ee9c000 rw-p 00000000 00:00 0 
7fee6ee9c000-7fee6ee9d000 r--p 00000000 00:00 0 
7fee6ee9d000-7fee6ee9f000 rw-p 00000000 00:00 0 
7fee6ee9f000-7fee6eea0000 r--p 00027000 08:01 282073                     /lib/x86_64-linux-gnu/ld-2.26.so
7fee6eea0000-7fee6eea1000 rw-p 00028000 08:01 282073                     /lib/x86_64-linux-gnu/ld-2.26.so
7fee6eea1000-7fee6eea2000 rw-p 00000000 00:00 0 
7ffea60d1000-7ffea60f2000 rw-p 00000000 00:00 0                          [stack]
7ffea61df000-7ffea61e2000 r--p 00000000 00:00 0                          [vvar]
7ffea61e2000-7ffea61e4000 r-xp 00000000 00:00 0                          [vdso]
ffffffffff600000-ffffffffff601000 r-xp 00000000 00:00 0                  [vsyscall]

VM Arguments:
jvm_args: -Xms3g -Xmx3g -XX:MaxPermSize=256m -Djava.security.egd=/dev/urandom -XX:OnOutOfMemoryError=kill -9 %p 
java_command: clojure.main -m puppetlabs.trapperkeeper.main --config /etc/puppetlabs/puppetserver/conf.d --bootstrap-config /etc/puppetlabs/puppetserver/services.d/,/opt/puppetlabs/server/apps/puppetserver/config/services.d/ --restart-file /opt/puppetlabs/server/data/puppetserver/restartcounter
java_class_path (initial): /opt/puppetlabs/server/apps/puppetserver/puppet-server-release.jar
Launcher Type: SUN_STANDARD

Environment Variables:
PATH=/usr/local/sbin:/usr/local/bin:/usr/sbin:/usr/bin:/sbin:/bin

Signal Handlers:
SIGSEGV: [libjvm.so+0xaabe00], sa_mask[0]=11111111011111111101111111111110, sa_flags=SA_RESTART|SA_SIGINFO
SIGBUS: [libjvm.so+0xaabe00], sa_mask[0]=11111111011111111101111111111110, sa_flags=SA_RESTART|SA_SIGINFO
SIGFPE: [libjvm.so+0x8e1dd0], sa_mask[0]=11111111011111111101111111111110, sa_flags=SA_RESTART|SA_SIGINFO
SIGPIPE: [libjvm.so+0x8e1dd0], sa_mask[0]=11111111011111111101111111111110, sa_flags=SA_RESTART|SA_SIGINFO
SIGXFSZ: [libjvm.so+0x8e1dd0], sa_mask[0]=11111111011111111101111111111110, sa_flags=SA_RESTART|SA_SIGINFO
SIGILL: [libjvm.so+0x8e1dd0], sa_mask[0]=11111111011111111101111111111110, sa_flags=SA_RESTART|SA_SIGINFO
SIGUSR1: SIG_DFL, sa_mask[0]=00000000000000000000000000000000, sa_flags=none
SIGUSR2: [libjvm.so+0x8e1c80], sa_mask[0]=00000000000000000000000000000000, sa_flags=SA_RESTART|SA_SIGINFO
SIGHUP: SIG_DFL, sa_mask[0]=00000000000000000000000000000000, sa_flags=none
SIGINT: SIG_IGN, sa_mask[0]=00000000000000000000000000000000, sa_flags=none
SIGTERM: SIG_DFL, sa_mask[0]=00000000000000000000000000000000, sa_flags=none
SIGQUIT: SIG_IGN, sa_mask[0]=00000000000000000000000000000000, sa_flags=none


---------------  S Y S T E M  ---------------

OS:DISTRIB_ID=Ubuntu
DISTRIB_RELEASE=17.10
DISTRIB_CODENAME=artful
DISTRIB_DESCRIPTION="Ubuntu 17.10"

uname:Linux 4.13.0-43-generic #48-Ubuntu SMP Wed May 16 12:18:48 UTC 2018 x86_64
libc:glibc 2.26 NPTL 2.26 
rlimit: STACK 8192k, CORE 0k, NPROC 10333, NOFILE 4096, AS infinity
load average:4.53 2.34 0.91

/proc/meminfo:
MemTotal:        2700004 kB
MemFree:         1266576 kB
MemAvailable:    1307164 kB
Buffers:           11644 kB
Cached:           180972 kB
SwapCached:        55008 kB
Active:           846524 kB
Inactive:         413612 kB
Active(anon):     754428 kB
Inactive(anon):   344268 kB
Active(file):      92096 kB
Inactive(file):    69344 kB
Unevictable:          16 kB
Mlocked:              16 kB
SwapTotal:        483800 kB
SwapFree:         195288 kB
Dirty:                92 kB
Writeback:             0 kB
AnonPages:       1022444 kB
Mapped:           143184 kB
Shmem:             31176 kB
Slab:              70672 kB
SReclaimable:      26600 kB
SUnreclaim:        44072 kB
KernelStack:       10080 kB
PageTables:        48324 kB
NFS_Unstable:          0 kB
Bounce:                0 kB
WritebackTmp:          0 kB
CommitLimit:     1833800 kB
Committed_AS:    6983560 kB
VmallocTotal:   34359738367 kB
VmallocUsed:           0 kB
VmallocChunk:          0 kB
HardwareCorrupted:     0 kB
AnonHugePages:      2048 kB
ShmemHugePages:        0 kB
ShmemPmdMapped:        0 kB
CmaTotal:              0 kB
CmaFree:               0 kB
HugePages_Total:       0
HugePages_Free:        0
HugePages_Rsvd:        0
HugePages_Surp:        0
Hugepagesize:       2048 kB
DirectMap4k:      101312 kB
DirectMap2M:     2666496 kB


CPU:total 1 (initial active 1) (1 cores per cpu, 1 threads per core) family 6 model 158 stepping 9, cmov, cx8, fxsr, mmx, sse, sse2, sse3, ssse3, sse4.1, sse4.2, popcnt, avx, avx2, aes, clmul, 3dnowpref, lzcnt, tsc, tscinvbit

/proc/cpuinfo:
processor	: 0
vendor_id	: GenuineIntel
cpu family	: 6
model		: 158
model name	: Intel(R) Core(TM) i7-7820HQ CPU @ 2.90GHz
stepping	: 9
cpu MHz		: 2903.998
cache size	: 8192 KB
physical id	: 0
siblings	: 1
core id		: 0
cpu cores	: 1
apicid		: 0
initial apicid	: 0
fpu		: yes
fpu_exception	: yes
cpuid level	: 22
wp		: yes
flags		: fpu vme de pse tsc msr pae mce cx8 apic sep mtrr pge mca cmov pat pse36 clflush mmx fxsr sse sse2 ht syscall nx rdtscp lm constant_tsc rep_good nopl xtopology nonstop_tsc cpuid pni pclmulqdq monitor ssse3 cx16 pcid sse4_1 sse4_2 x2apic movbe popcnt aes xsave avx rdrand hypervisor lahf_lm abm 3dnowprefetch invpcid_single pti retpoline rsb_ctxsw fsgsbase avx2 invpcid rdseed clflushopt
bugs		: cpu_meltdown spectre_v1 spectre_v2 spec_store_bypass
bogomips	: 5807.99
clflush size	: 64
cache_alignment	: 64
address sizes	: 39 bits physical, 48 bits virtual
power management:



Memory: 4k page, physical 2700004k(1266576k free), swap 483800k(195288k free)

vm_info: OpenJDK 64-Bit Server VM (25.171-b11) for linux-amd64 JRE (1.8.0_171-8u171-b11-0ubuntu0.17.10.1-b11), built on Apr 26 2018 15:59:34 by "buildd" with gcc 7.2.0

time: Tue Jan 12 16:21:32 2021
elapsed time: 0 seconds (0d 0h 0m 0s)

